<?xml version="1.0" encoding="UTF-8"?>
<testng-results skipped="0" failed="0" ignored="0" total="1" passed="1">
  <reporter-output>
  </reporter-output>
  <suite name="Default suite" duration-ms="991" started-at="2020-07-09T15:09:02Z" finished-at="2020-07-09T15:09:03Z">
    <groups>
    </groups>
    <test name="Default test" duration-ms="991" started-at="2020-07-09T15:09:02Z" finished-at="2020-07-09T15:09:03Z">
      <class name="com.qa.test.GetApiTest">
        <test-method status="PASS" signature="setup()[pri:0, instance:com.qa.test.GetApiTest@25b485ba]" name="setup" is-config="true" duration-ms="7" started-at="2020-07-09T15:09:02Z" finished-at="2020-07-09T15:09:02Z">
          <reporter-output>
          </reporter-output>
        </test-method> <!-- setup -->
        <test-method status="PASS" signature="getApiTest()[pri:0, instance:com.qa.test.GetApiTest@25b485ba]" name="getApiTest" duration-ms="951" started-at="2020-07-09T15:09:02Z" finished-at="2020-07-09T15:09:03Z">
          <reporter-output>
          </reporter-output>
        </test-method> <!-- getApiTest -->
      </class> <!-- com.qa.test.GetApiTest -->
    </test> <!-- Default test -->
  </suite> <!-- Default suite -->
</testng-results>
